<?xml version="1.0" encoding="UTF-8"?>
<!-- Generated by org.testng.reporters.JUnitXMLReporter -->
<testsuite hostname="DESKTOP-TR5ELL5" name="CRUD User Tests" tests="5" failures="1" timestamp="16 Dec 2016 09:59:27 GMT" time="41.342" errors="0">
  <testcase name="positiveInsertTest" time="6.354" classname="HW4.tests.CRUDUserTests"/>
  <testcase name="negativeInsertTest" time="4.911" classname="HW4.tests.CRUDUserTests"/>
  <testcase name="positiveUpdateTest" time="7.981" classname="HW4.tests.CRUDUserTests"/>
  <testcase name="positiveDeleteTest" time="11.26" classname="HW4.tests.CRUDUserTests"/>
  <testcase name="positiveReadTest" time="5.059" classname="HW4.tests.CRUDUserTests">
    <failure type="java.lang.AssertionError" message="The following asserts failed:
Wrong users don&amp;apos;t equels">
      <![CDATA[java.lang.AssertionError: The following asserts failed:
Wrong users don't equels
	at HW4.tests.CRUDUserTests.positiveReadTest(CRUDUserTests.java:131)
... Removed 25 stack frames]]>
    </failure>
  </testcase> <!-- positiveReadTest -->
</testsuite> <!-- CRUD User Tests -->
