<?xml version="1.0" encoding="UTF-8"?>
<!-- Generated by org.testng.reporters.JUnitXMLReporter -->
<testsuite hostname="DESKTOP-TR5ELL5" name="Drag_Drop" tests="3" failures="0" timestamp="16 Dec 2016 11:53:14 GMT" time="39.671" errors="0">
  <testcase name="dragAndDropTest" time="2.166" classname="HW4.tests.DragDroppTest"/>
  <testcase name="dragSortReverseTest" time="21.434" classname="HW4.tests.DragDroppTest"/>
  <testcase name="dragSortTest" time="4.131" classname="HW4.tests.DragDroppTest"/>
</testsuite> <!-- Drag_Drop -->
