<?xml version="1.0" encoding="UTF-8"?>
<!-- Generated by org.testng.reporters.JUnitXMLReporter -->
<testsuite hostname="DESKTOP-TR5ELL5" name="Login Tests" tests="4" failures="0" timestamp="16 Dec 2016 11:51:28 GMT" time="7.598" errors="0">
  <testcase name="positiveLoginTest" time="2.396" classname="HW4.tests.LoginTests"/>
  <testcase name="negativeLoginTest" time="1.161" classname="HW4.tests.LoginTests"/>
  <testcase name="negativeTestEmptyFields" time="0.882" classname="HW4.tests.LoginTests"/>
  <testcase name="negativeTestWrongLogin" time="1.177" classname="HW4.tests.LoginTests"/>
</testsuite> <!-- Login Tests -->
