<?xml version="1.0" encoding="UTF-8"?>
<!-- Generated by org.testng.reporters.JUnitXMLReporter -->
<testsuite hostname="DESKTOP-TR5ELL5" name="Login Tests" tests="4" failures="0" timestamp="16 Dec 2016 09:58:46 GMT" time="8.541" errors="0">
  <testcase name="positiveLoginTest" time="2.865" classname="HW4.tests.LoginTests"/>
  <testcase name="negativeLoginTest" time="1.192" classname="HW4.tests.LoginTests"/>
  <testcase name="negativeTestEmptyFields" time="0.901" classname="HW4.tests.LoginTests"/>
  <testcase name="negativeTestWrongLogin" time="1.203" classname="HW4.tests.LoginTests"/>
</testsuite> <!-- Login Tests -->
