<?xml version="1.0" encoding="UTF-8"?>
<!-- Generated by org.testng.reporters.JUnitXMLReporter -->
<testsuite hostname="DESKTOP-TR5ELL5" name="Search User Tests" tests="5" failures="0" timestamp="16 Dec 2016 11:52:35 GMT" time="30.68" errors="0">
  <testcase name="negativeSearchByLastNameTest" time="11.884" classname="HW4.tests.SearchTest"/>
  <testcase name="positiveSearchByEmailTest" time="1.773" classname="HW4.tests.SearchTest"/>
  <testcase name="positiveSearchByFirstNameTest" time="1.602" classname="HW4.tests.SearchTest"/>
  <testcase name="positiveSearchByLastNameTest" time="1.633" classname="HW4.tests.SearchTest"/>
  <testcase name="positiveSearchByUsernameTest" time="1.83" classname="HW4.tests.SearchTest"/>
</testsuite> <!-- Search User Tests -->
