<?xml version="1.0" encoding="UTF-8"?>
<!-- Generated by org.testng.reporters.JUnitXMLReporter -->
<testsuite hostname="DESKTOP-TR5ELL5" name="Default test" tests="3" failures="0" timestamp="16 Dec 2016 10:03:01 GMT" time="40.032" errors="0">
  <testcase name="dragAndDropTest" time="2.111" classname="HW4.tests.DragDroppTest"/>
  <testcase name="dragSortReverseTest" time="17.997" classname="HW4.tests.DragDroppTest"/>
  <testcase name="dragSortTest" time="6.81" classname="HW4.tests.DragDroppTest"/>
</testsuite> <!-- Default test -->
